#
# There is insufficient memory for the Java Runtime Environment to continue.
# Native memory allocation (malloc) failed to allocate 1112976 bytes for Chunk::new
# Possible reasons:
#   The system is out of physical RAM or swap space
#   The process is running with CompressedOops enabled, and the Java Heap may be blocking the growth of the native heap
# Possible solutions:
#   Reduce memory load on the system
#   Increase physical memory or swap space
#   Check if swap backing store is full
#   Decrease Java heap size (-Xmx/-Xms)
#   Decrease number of Java threads
#   Decrease Java thread stack sizes (-Xss)
#   Set larger code cache with -XX:ReservedCodeCacheSize=
#   JVM is running with Unscaled Compressed Oops mode in which the Java heap is
#     placed in the first 4GB address space. The Java Heap base address is the
#     maximum limit for the native heap growth. Please use -XX:HeapBaseMinAddress
#     to set the Java Heap base and to place the Java Heap above 4GB virtual address.
# This output file may be truncated or incomplete.
#
#  Out of Memory Error (arena.cpp:189), pid=13384, tid=13528
#
# JRE version: Java(TM) SE Runtime Environment (17.0.9+11) (build 17.0.9+11-LTS-201)
# Java VM: Java HotSpot(TM) 64-Bit Server VM (17.0.9+11-LTS-201, mixed mode, sharing, tiered, compressed oops, compressed class ptrs, g1 gc, windows-amd64)
# No core dump will be written. Minidumps are not enabled by default on client versions of Windows
#

---------------  S U M M A R Y ------------

Command Line: -javaagent:C:\Program Files\JetBrains\IntelliJ IDEA Community Edition 2023.3.2\lib\idea_rt.jar=51481:C:\Program Files\JetBrains\IntelliJ IDEA Community Edition 2023.3.2\bin -Dfile.encoding=UTF-8 com.todo.todoApp.TodoApplication

Host: Intel(R) Core(TM) i5 CPU       M 450  @ 2.40GHz, 4 cores, 3G,  Windows 10 , 64 bit Build 19041 (10.0.19041.5438)
Time: Thu Apr  3 10:39:21 2025 Hora estándar de Argentina elapsed time: 263.913067 seconds (0d 0h 4m 23s)

---------------  T H R E A D  ---------------

Current thread (0x00000263922bb310):  JavaThread "C2 CompilerThread0" daemon [_thread_in_native, id=13528, stack(0x000000e09ec00000,0x000000e09ed00000)]


Current CompileTask:
C2: 263915 5406       4       org.springframework.core.BridgeMethodResolver::resolveBridgeMethod (165 bytes)

Stack: [0x000000e09ec00000,0x000000e09ed00000]
Native frames: (J=compiled Java code, j=interpreted, Vv=VM code, C=native code)
V  [jvm.dll+0x678a4a]
V  [jvm.dll+0x7d9cfd]
V  [jvm.dll+0x7db60e]
V  [jvm.dll+0x7dbc73]
V  [jvm.dll+0x245e1f]
V  [jvm.dll+0xaaafb]
V  [jvm.dll+0xab09c]
V  [jvm.dll+0x2ab7ef]
V  [jvm.dll+0x5812e5]
V  [jvm.dll+0x220c52]
V  [jvm.dll+0x219b15]
V  [jvm.dll+0x217459]
V  [jvm.dll+0x1a3bc0]
V  [jvm.dll+0x2272de]
V  [jvm.dll+0x22548b]
V  [jvm.dll+0x78f58c]
V  [jvm.dll+0x78998a]
V  [jvm.dll+0x677875]
C  [ucrtbase.dll+0x21bb2]
C  [KERNEL32.DLL+0x17374]
C  [ntdll.dll+0x4cc91]


---------------  P R O C E S S  ---------------

Threads class SMR info:
_java_thread_list=0x00000263dad0d2f0, length=32, elements={
0x00000263f71bd750, 0x00000263f71bed70, 0x00000263922b2640, 0x00000263922b3f20,
0x00000263922b5080, 0x00000263922b96e0, 0x00000263922bb310, 0x00000263922bc560,
0x00000263922d7ec0, 0x00000263f71ab320, 0x000002639265bf50, 0x00000263d8031d10,
0x00000263d940fd10, 0x00000263d940ede0, 0x00000263d9410730, 0x00000263d9410c40,
0x00000263d9412590, 0x00000263d9411660, 0x00000263d9411150, 0x00000263d9411b70,
0x00000263d9412080, 0x00000263d940f800, 0x00000263dc036620, 0x00000263dc0356f0,
0x00000263dc0351e0, 0x00000263dc037040, 0x00000263dc034cd0, 0x00000263dc033890,
0x00000263dc033da0, 0x00000263dc036b30, 0x00000263dc036110, 0x00000263dc035c00
}

Java Threads: ( => current thread )
  0x00000263f71bd750 JavaThread "Reference Handler" daemon [_thread_blocked, id=12276, stack(0x000000e09e600000,0x000000e09e700000)]
  0x00000263f71bed70 JavaThread "Finalizer" daemon [_thread_blocked, id=11624, stack(0x000000e09e700000,0x000000e09e800000)]
  0x00000263922b2640 JavaThread "Signal Dispatcher" daemon [_thread_blocked, id=10088, stack(0x000000e09e800000,0x000000e09e900000)]
  0x00000263922b3f20 JavaThread "Attach Listener" daemon [_thread_blocked, id=10256, stack(0x000000e09e900000,0x000000e09ea00000)]
  0x00000263922b5080 JavaThread "Service Thread" daemon [_thread_blocked, id=14816, stack(0x000000e09ea00000,0x000000e09eb00000)]
  0x00000263922b96e0 JavaThread "Monitor Deflation Thread" daemon [_thread_blocked, id=15308, stack(0x000000e09eb00000,0x000000e09ec00000)]
=>0x00000263922bb310 JavaThread "C2 CompilerThread0" daemon [_thread_in_native, id=13528, stack(0x000000e09ec00000,0x000000e09ed00000)]
  0x00000263922bc560 JavaThread "C1 CompilerThread0" daemon [_thread_blocked, id=1184, stack(0x000000e09ed00000,0x000000e09ee00000)]
  0x00000263922d7ec0 JavaThread "Sweeper thread" daemon [_thread_blocked, id=12048, stack(0x000000e09ee00000,0x000000e09ef00000)]
  0x00000263f71ab320 JavaThread "Common-Cleaner" daemon [_thread_blocked, id=5716, stack(0x000000e09ef00000,0x000000e09f000000)]
  0x000002639265bf50 JavaThread "Monitor Ctrl-Break" daemon [_thread_in_native, id=236, stack(0x000000e09f000000,0x000000e09f100000)]
  0x00000263d8031d10 JavaThread "Notification Thread" daemon [_thread_blocked, id=8484, stack(0x000000e09f100000,0x000000e09f200000)]
  0x00000263d940fd10 JavaThread "Catalina-utility-1" [_thread_blocked, id=14496, stack(0x000000e09f800000,0x000000e09f900000)]
  0x00000263d940ede0 JavaThread "Catalina-utility-2" [_thread_blocked, id=14044, stack(0x000000e09f900000,0x000000e09fa00000)]
  0x00000263d9410730 JavaThread "container-0" [_thread_blocked, id=15988, stack(0x000000e09fa00000,0x000000e09fb00000)]
  0x00000263d9410c40 JavaThread "mysql-cj-abandoned-connection-cleanup" daemon [_thread_blocked, id=3352, stack(0x000000e09fb00000,0x000000e09fc00000)]
  0x00000263d9412590 JavaThread "HikariPool-1 housekeeper" daemon [_thread_blocked, id=13132, stack(0x000000e09fd00000,0x000000e09fe00000)]
  0x00000263d9411660 JavaThread "File Watcher" daemon [_thread_blocked, id=15668, stack(0x000000e09fe00000,0x000000e09ff00000)]
  0x00000263d9411150 JavaThread "Live Reload Server" daemon [_thread_in_native, id=15244, stack(0x000000e0a0000000,0x000000e0a0100000)]
  0x00000263d9411b70 JavaThread "http-nio-8080-exec-1" daemon [_thread_blocked, id=15960, stack(0x000000e09ff00000,0x000000e0a0000000)]
  0x00000263d9412080 JavaThread "http-nio-8080-exec-2" daemon [_thread_blocked, id=12364, stack(0x000000e0a0100000,0x000000e0a0200000)]
  0x00000263d940f800 JavaThread "http-nio-8080-exec-3" daemon [_thread_in_native, id=16240, stack(0x000000e0a0200000,0x000000e0a0300000)]
  0x00000263dc036620 JavaThread "http-nio-8080-exec-4" daemon [_thread_blocked, id=5980, stack(0x000000e0a0300000,0x000000e0a0400000)]
  0x00000263dc0356f0 JavaThread "http-nio-8080-exec-5" daemon [_thread_blocked, id=11372, stack(0x000000e0a0400000,0x000000e0a0500000)]
  0x00000263dc0351e0 JavaThread "http-nio-8080-exec-6" daemon [_thread_blocked, id=13180, stack(0x000000e0a0500000,0x000000e0a0600000)]
  0x00000263dc037040 JavaThread "http-nio-8080-exec-7" daemon [_thread_blocked, id=9028, stack(0x000000e0a0600000,0x000000e0a0700000)]
  0x00000263dc034cd0 JavaThread "http-nio-8080-exec-8" daemon [_thread_blocked, id=14748, stack(0x000000e0a0700000,0x000000e0a0800000)]
  0x00000263dc033890 JavaThread "http-nio-8080-exec-9" daemon [_thread_blocked, id=7288, stack(0x000000e0a0800000,0x000000e0a0900000)]
  0x00000263dc033da0 JavaThread "http-nio-8080-exec-10" daemon [_thread_blocked, id=3560, stack(0x000000e0a0900000,0x000000e0a0a00000)]
  0x00000263dc036b30 JavaThread "http-nio-8080-Poller" daemon [_thread_in_native, id=11120, stack(0x000000e0a0a00000,0x000000e0a0b00000)]
  0x00000263dc036110 JavaThread "http-nio-8080-Acceptor" daemon [_thread_in_native, id=15608, stack(0x000000e0a0b00000,0x000000e0a0c00000)]
  0x00000263dc035c00 JavaThread "DestroyJavaVM" [_thread_blocked, id=16296, stack(0x000000e09df00000,0x000000e09e000000)]

Other Threads:
  0x00000263f71b8af0 VMThread "VM Thread" [stack: 0x000000e09e500000,0x000000e09e600000] [id=3304]
  0x00000263928aecf0 WatcherThread [stack: 0x000000e09f200000,0x000000e09f300000] [id=13380]
  0x00000263f71415e0 GCTaskThread "GC Thread#0" [stack: 0x000000e09e000000,0x000000e09e100000] [id=14448]
  0x00000263d87a71d0 GCTaskThread "GC Thread#1" [stack: 0x000000e09f300000,0x000000e09f400000] [id=7192]
  0x00000263d87feca0 GCTaskThread "GC Thread#2" [stack: 0x000000e09f400000,0x000000e09f500000] [id=14776]
  0x00000263d85dbed0 GCTaskThread "GC Thread#3" [stack: 0x000000e09f500000,0x000000e09f600000] [id=15380]
  0x00000263f7149ef0 ConcurrentGCThread "G1 Main Marker" [stack: 0x000000e09e100000,0x000000e09e200000] [id=11344]
  0x00000263f714c0b0 ConcurrentGCThread "G1 Conc#0" [stack: 0x000000e09e200000,0x000000e09e300000] [id=16092]
  0x00000263f7187cf0 ConcurrentGCThread "G1 Refine#0" [stack: 0x000000e09e300000,0x000000e09e400000] [id=8568]
  0x00000263f71897a0 ConcurrentGCThread "G1 Service" [stack: 0x000000e09e400000,0x000000e09e500000] [id=10424]

Threads with active compile tasks:
C2 CompilerThread0   264440 5406       4       org.springframework.core.BridgeMethodResolver::resolveBridgeMethod (165 bytes)

VM state: not at safepoint (normal execution)

VM Mutex/Monitor currently owned by a thread: None

Heap address: 0x00000000c3200000, size: 974 MB, Compressed Oops mode: 32-bit

CDS archive(s) mapped at: [0x0000026393000000-0x0000026393bd0000-0x0000026393bd0000), size 12386304, SharedBaseAddress: 0x0000026393000000, ArchiveRelocationMode: 1.
Compressed class space mapped at: 0x0000026394000000-0x00000263d4000000, reserved size: 1073741824
Narrow klass base: 0x0000026393000000, Narrow klass shift: 0, Narrow klass range: 0x100000000

GC Precious Log:
 CPUs: 4 total, 4 available
 Memory: 3892M
 Large Page Support: Disabled
 NUMA Support: Disabled
 Compressed Oops: Enabled (32-bit)
 Heap Region Size: 1M
 Heap Min Capacity: 8M
 Heap Initial Capacity: 62M
 Heap Max Capacity: 974M
 Pre-touch: Disabled
 Parallel Workers: 4
 Concurrent Workers: 1
 Concurrent Refinement Workers: 4
 Periodic GC: Disabled

Heap:
 garbage-first heap   total 51200K, used 33712K [0x00000000c3200000, 0x0000000100000000)
  region size 1024K, 9 young (9216K), 1 survivors (1024K)
 Metaspace       used 62639K, committed 63168K, reserved 1114112K
  class space    used 8446K, committed 8704K, reserved 1048576K

Heap Regions: E=young(eden), S=young(survivor), O=old, HS=humongous(starts), HC=humongous(continues), CS=collection set, F=free, OA=open archive, CA=closed archive, TAMS=top-at-mark-start (previous, next)
|   0|0x00000000c3200000, 0x00000000c3300000, 0x00000000c3300000|100%|HS|  |TAMS 0x00000000c3300000, 0x00000000c3200000| Complete 
|   1|0x00000000c3300000, 0x00000000c3400000, 0x00000000c3400000|100%| O|  |TAMS 0x00000000c3400000, 0x00000000c3300000| Untracked 
|   2|0x00000000c3400000, 0x00000000c3500000, 0x00000000c3500000|100%| O|  |TAMS 0x00000000c3500000, 0x00000000c3400000| Untracked 
|   3|0x00000000c3500000, 0x00000000c3600000, 0x00000000c3600000|100%| O|  |TAMS 0x00000000c3600000, 0x00000000c3500000| Untracked 
|   4|0x00000000c3600000, 0x00000000c3700000, 0x00000000c3700000|100%| O|  |TAMS 0x00000000c3700000, 0x00000000c3600000| Untracked 
|   5|0x00000000c3700000, 0x00000000c3800000, 0x00000000c3800000|100%| O|  |TAMS 0x00000000c3800000, 0x00000000c3700000| Untracked 
|   6|0x00000000c3800000, 0x00000000c3900000, 0x00000000c3900000|100%| O|  |TAMS 0x00000000c3900000, 0x00000000c3800000| Untracked 
|   7|0x00000000c3900000, 0x00000000c3a00000, 0x00000000c3a00000|100%| O|  |TAMS 0x00000000c3a00000, 0x00000000c3900000| Untracked 
|   8|0x00000000c3a00000, 0x00000000c3b00000, 0x00000000c3b00000|100%| O|  |TAMS 0x00000000c3b00000, 0x00000000c3a00000| Untracked 
|   9|0x00000000c3b00000, 0x00000000c3c00000, 0x00000000c3c00000|100%| O|  |TAMS 0x00000000c3c00000, 0x00000000c3b00000| Untracked 
|  10|0x00000000c3c00000, 0x00000000c3d00000, 0x00000000c3d00000|100%| O|  |TAMS 0x00000000c3d00000, 0x00000000c3c00000| Untracked 
|  11|0x00000000c3d00000, 0x00000000c3e00000, 0x00000000c3e00000|100%| O|  |TAMS 0x00000000c3e00000, 0x00000000c3d00000| Untracked 
|  12|0x00000000c3e00000, 0x00000000c3f00000, 0x00000000c3f00000|100%| O|  |TAMS 0x00000000c3f00000, 0x00000000c3e00000| Untracked 
|  13|0x00000000c3f00000, 0x00000000c4000000, 0x00000000c4000000|100%| O|  |TAMS 0x00000000c4000000, 0x00000000c3f00000| Untracked 
|  14|0x00000000c4000000, 0x00000000c4100000, 0x00000000c4100000|100%| O|  |TAMS 0x00000000c4100000, 0x00000000c4000000| Untracked 
|  15|0x00000000c4100000, 0x00000000c4200000, 0x00000000c4200000|100%| O|  |TAMS 0x00000000c4200000, 0x00000000c4100000| Untracked 
|  16|0x00000000c4200000, 0x00000000c4300000, 0x00000000c4300000|100%| O|  |TAMS 0x00000000c4300000, 0x00000000c4200000| Untracked 
|  17|0x00000000c4300000, 0x00000000c4400000, 0x00000000c4400000|100%| O|  |TAMS 0x00000000c4400000, 0x00000000c4300000| Untracked 
|  18|0x00000000c4400000, 0x00000000c4500000, 0x00000000c4500000|100%| O|  |TAMS 0x00000000c4500000, 0x00000000c4400000| Untracked 
|  19|0x00000000c4500000, 0x00000000c4600000, 0x00000000c4600000|100%| O|  |TAMS 0x00000000c4600000, 0x00000000c4500000| Untracked 
|  20|0x00000000c4600000, 0x00000000c4700000, 0x00000000c4700000|100%| O|  |TAMS 0x00000000c4700000, 0x00000000c4600000| Untracked 
|  21|0x00000000c4700000, 0x00000000c4800000, 0x00000000c4800000|100%| O|  |TAMS 0x00000000c4800000, 0x00000000c4700000| Untracked 
|  22|0x00000000c4800000, 0x00000000c4900000, 0x00000000c4900000|100%| O|  |TAMS 0x00000000c4900000, 0x00000000c4800000| Untracked 
|  23|0x00000000c4900000, 0x00000000c4a00000, 0x00000000c4a00000|100%| O|  |TAMS 0x00000000c4911600, 0x00000000c4900000| Untracked 
|  24|0x00000000c4a00000, 0x00000000c4b00000, 0x00000000c4b00000|100%| O|  |TAMS 0x00000000c4a00000, 0x00000000c4a00000| Untracked 
|  25|0x00000000c4b00000, 0x00000000c4bec000, 0x00000000c4c00000| 92%| O|  |TAMS 0x00000000c4b00000, 0x00000000c4b00000| Untracked 
|  26|0x00000000c4c00000, 0x00000000c4c00000, 0x00000000c4d00000|  0%| F|  |TAMS 0x00000000c4c00000, 0x00000000c4c00000| Untracked 
|  27|0x00000000c4d00000, 0x00000000c4d00000, 0x00000000c4e00000|  0%| F|  |TAMS 0x00000000c4d00000, 0x00000000c4d00000| Untracked 
|  28|0x00000000c4e00000, 0x00000000c4e00000, 0x00000000c4f00000|  0%| F|  |TAMS 0x00000000c4e00000, 0x00000000c4e00000| Untracked 
|  29|0x00000000c4f00000, 0x00000000c4f00000, 0x00000000c5000000|  0%| F|  |TAMS 0x00000000c4f00000, 0x00000000c4f00000| Untracked 
|  30|0x00000000c5000000, 0x00000000c5000000, 0x00000000c5100000|  0%| F|  |TAMS 0x00000000c5000000, 0x00000000c5000000| Untracked 
|  31|0x00000000c5100000, 0x00000000c5100000, 0x00000000c5200000|  0%| F|  |TAMS 0x00000000c5100000, 0x00000000c5100000| Untracked 
|  32|0x00000000c5200000, 0x00000000c5200000, 0x00000000c5300000|  0%| F|  |TAMS 0x00000000c5200000, 0x00000000c5200000| Untracked 
|  33|0x00000000c5300000, 0x00000000c5300000, 0x00000000c5400000|  0%| F|  |TAMS 0x00000000c5300000, 0x00000000c5300000| Untracked 
|  34|0x00000000c5400000, 0x00000000c5400000, 0x00000000c5500000|  0%| F|  |TAMS 0x00000000c5400000, 0x00000000c5400000| Untracked 
|  35|0x00000000c5500000, 0x00000000c5600000, 0x00000000c5600000|100%| S|CS|TAMS 0x00000000c5500000, 0x00000000c5500000| Complete 
|  36|0x00000000c5600000, 0x00000000c5600000, 0x00000000c5700000|  0%| F|  |TAMS 0x00000000c5600000, 0x00000000c5600000| Untracked 
|  37|0x00000000c5700000, 0x00000000c5700000, 0x00000000c5800000|  0%| F|  |TAMS 0x00000000c5700000, 0x00000000c5700000| Untracked 
|  38|0x00000000c5800000, 0x00000000c5800000, 0x00000000c5900000|  0%| F|  |TAMS 0x00000000c5800000, 0x00000000c5800000| Untracked 
|  39|0x00000000c5900000, 0x00000000c5900000, 0x00000000c5a00000|  0%| F|  |TAMS 0x00000000c5900000, 0x00000000c5900000| Untracked 
|  40|0x00000000c5a00000, 0x00000000c5a00000, 0x00000000c5b00000|  0%| F|  |TAMS 0x00000000c5a00000, 0x00000000c5a00000| Untracked 
|  41|0x00000000c5b00000, 0x00000000c5b00000, 0x00000000c5c00000|  0%| F|  |TAMS 0x00000000c5b00000, 0x00000000c5b00000| Untracked 
|  42|0x00000000c5c00000, 0x00000000c5cede28, 0x00000000c5d00000| 92%| E|  |TAMS 0x00000000c5c00000, 0x00000000c5c00000| Complete 
|  43|0x00000000c5d00000, 0x00000000c5e00000, 0x00000000c5e00000|100%| E|  |TAMS 0x00000000c5d00000, 0x00000000c5d00000| Complete 
|  44|0x00000000c5e00000, 0x00000000c5f00000, 0x00000000c5f00000|100%| E|CS|TAMS 0x00000000c5e00000, 0x00000000c5e00000| Complete 
|  45|0x00000000c5f00000, 0x00000000c6000000, 0x00000000c6000000|100%| E|CS|TAMS 0x00000000c5f00000, 0x00000000c5f00000| Complete 
|  58|0x00000000c6c00000, 0x00000000c6d00000, 0x00000000c6d00000|100%| E|CS|TAMS 0x00000000c6c00000, 0x00000000c6c00000| Complete 
|  59|0x00000000c6d00000, 0x00000000c6e00000, 0x00000000c6e00000|100%| E|CS|TAMS 0x00000000c6d00000, 0x00000000c6d00000| Complete 
|  60|0x00000000c6e00000, 0x00000000c6f00000, 0x00000000c6f00000|100%| E|CS|TAMS 0x00000000c6e00000, 0x00000000c6e00000| Complete 
|  61|0x00000000c6f00000, 0x00000000c7000000, 0x00000000c7000000|100%| E|CS|TAMS 0x00000000c6f00000, 0x00000000c6f00000| Complete 

Card table byte_map: [0x00000263feb90000,0x00000263fed80000] _byte_map_base: 0x00000263fe577000

Marking Bits (Prev, Next): (CMBitMap*) 0x00000263f7141c00, (CMBitMap*) 0x00000263f7141c40
 Prev Bits: [0x00000263fef70000, 0x00000263ffea8000)
 Next Bits: [0x000002638f000000, 0x000002638ff38000)

Polling page: 0x00000263f4f00000

Metaspace:

Usage:
  Non-class:     52.92 MB used.
      Class:      8.25 MB used.
       Both:     61.17 MB used.

Virtual space:
  Non-class space:       64.00 MB reserved,      53.19 MB ( 83%) committed,  1 nodes.
      Class space:        1.00 GB reserved,       8.50 MB ( <1%) committed,  1 nodes.
             Both:        1.06 GB reserved,      61.69 MB (  6%) committed. 

Chunk freelists:
   Non-Class:  10.50 MB
       Class:  7.47 MB
        Both:  17.97 MB

MaxMetaspaceSize: unlimited
CompressedClassSpaceSize: 1.00 GB
Initial GC threshold: 21.00 MB
Current GC threshold: 99.38 MB
CDS: on
MetaspaceReclaimPolicy: balanced
 - commit_granule_bytes: 65536.
 - commit_granule_words: 8192.
 - virtual_space_node_default_size: 8388608.
 - enlarge_chunks_in_place: 1.
 - new_chunks_are_fully_committed: 0.
 - uncommit_free_chunks: 1.
 - use_allocation_guard: 0.
 - handle_deallocations: 1.


Internal statistics:

num_allocs_failed_limit: 9.
num_arena_births: 724.
num_arena_deaths: 0.
num_vsnodes_births: 2.
num_vsnodes_deaths: 0.
num_space_committed: 985.
num_space_uncommitted: 0.
num_chunks_returned_to_freelist: 9.
num_chunks_taken_from_freelist: 3001.
num_chunk_merges: 9.
num_chunk_splits: 2198.
num_chunks_enlarged: 1740.
num_inconsistent_stats: 0.

CodeHeap 'non-profiled nmethods': size=120000Kb used=2528Kb max_used=3183Kb free=117471Kb
 bounds [0x0000026387ad0000, 0x0000026387df0000, 0x000002638f000000]
CodeHeap 'profiled nmethods': size=120000Kb used=8609Kb max_used=10914Kb free=111390Kb
 bounds [0x0000026380000000, 0x0000026380ab0000, 0x0000026387530000]
CodeHeap 'non-nmethods': size=5760Kb used=1319Kb max_used=1372Kb free=4440Kb
 bounds [0x0000026387530000, 0x00000263877a0000, 0x0000026387ad0000]
 total_blobs=5235 nmethods=4584 adapters=564
 compilation: enabled
              stopped_count=0, restarted_count=0
 full_count=0

Compilation events (20 events):
Event: 263.378 Thread 0x00000263922bc560 nmethod 5397 0x0000026380046310 code [0x00000263800464c0, 0x00000263800466d8]
Event: 263.479 Thread 0x00000263922bc560 5398       3       org.springframework.core.annotation.AttributeMethods::isAttributeMethod (23 bytes)
Event: 263.480 Thread 0x00000263922bc560 nmethod 5398 0x000002638006f890 code [0x000002638006fa40, 0x000002638006fc58]
Event: 263.489 Thread 0x00000263922bb310 5399       4       java.lang.reflect.Method::equals (65 bytes)
Event: 263.489 Thread 0x00000263922bc560 5400       1       org.springframework.core.annotation.AnnotationTypeMapping$MirrorSets$MirrorSet::size (5 bytes)
Event: 263.490 Thread 0x00000263922bc560 nmethod 5400 0x0000026387b36c90 code [0x0000026387b36e20, 0x0000026387b36ef8]
Event: 263.492 Thread 0x00000263922bc560 5402       3       org.springframework.core.annotation.AnnotationTypeMapping::resolveAliasTarget (8 bytes)
Event: 263.492 Thread 0x00000263922bc560 nmethod 5402 0x0000026380029e90 code [0x000002638002a020, 0x000002638002a168]
Event: 263.493 Thread 0x00000263922bc560 5403       3       org.springframework.core.annotation.AnnotationTypeMapping$$Lambda$263/0x00000263941878c0::apply (8 bytes)
Event: 263.493 Thread 0x00000263922bc560 nmethod 5403 0x0000026380004190 code [0x0000026380004360, 0x0000026380004818]
Event: 263.493 Thread 0x00000263922bc560 5404       3       org.springframework.core.annotation.AnnotationTypeMapping::lambda$resolveAliasedForTargets$1 (8 bytes)
Event: 263.494 Thread 0x00000263922bc560 nmethod 5404 0x000002638007d210 code [0x000002638007d3c0, 0x000002638007d6f8]
Event: 263.495 Thread 0x00000263922bb310 nmethod 5399 0x0000026387b5c710 code [0x0000026387b5c8a0, 0x0000026387b5ca38]
Event: 263.495 Thread 0x00000263922bb310 5401       4       java.util.ArrayList::indexOfRange (71 bytes)
Event: 263.498 Thread 0x00000263922bc560 5407       3       org.springframework.core.annotation.AnnotationTypeMapping$$Lambda$265/0x0000026394189860::extract (6 bytes)
Event: 263.499 Thread 0x00000263922bc560 nmethod 5407 0x000002638005bf10 code [0x000002638005c0a0, 0x000002638005c1e8]
Event: 263.503 Thread 0x00000263922bb310 nmethod 5401 0x0000026387be9090 code [0x0000026387be9220, 0x0000026387be9478]
Event: 263.503 Thread 0x00000263922bb310 5406       4       org.springframework.core.BridgeMethodResolver::resolveBridgeMethod (165 bytes)
Event: 263.542 Thread 0x00000263922bc560 5408       3       org.springframework.core.annotation.AnnotationTypeMapping::processAliases (199 bytes)
Event: 263.544 Thread 0x00000263922bc560 nmethod 5408 0x000002638007ab90 code [0x000002638007ae20, 0x000002638007bbd8]

GC Heap History (20 events):
Event: 17.160 GC heap before
{Heap before GC invocations=10 (full 0):
 garbage-first heap   total 51200K, used 37820K [0x00000000c3200000, 0x0000000100000000)
  region size 1024K, 22 young (22528K), 2 survivors (2048K)
 Metaspace       used 34329K, committed 34816K, reserved 1114112K
  class space    used 4504K, committed 4736K, reserved 1048576K
}
Event: 17.168 GC heap after
{Heap after GC invocations=11 (full 0):
 garbage-first heap   total 51200K, used 18315K [0x00000000c3200000, 0x0000000100000000)
  region size 1024K, 3 young (3072K), 3 survivors (3072K)
 Metaspace       used 34329K, committed 34816K, reserved 1114112K
  class space    used 4504K, committed 4736K, reserved 1048576K
}
Event: 17.492 GC heap before
{Heap before GC invocations=11 (full 0):
 garbage-first heap   total 51200K, used 22411K [0x00000000c3200000, 0x0000000100000000)
  region size 1024K, 8 young (8192K), 3 survivors (3072K)
 Metaspace       used 35582K, committed 35968K, reserved 1114112K
  class space    used 4676K, committed 4864K, reserved 1048576K
}
Event: 17.499 GC heap after
{Heap after GC invocations=12 (full 0):
 garbage-first heap   total 51200K, used 18876K [0x00000000c3200000, 0x0000000100000000)
  region size 1024K, 2 young (2048K), 2 survivors (2048K)
 Metaspace       used 35582K, committed 35968K, reserved 1114112K
  class space    used 4676K, committed 4864K, reserved 1048576K
}
Event: 19.617 GC heap before
{Heap before GC invocations=13 (full 0):
 garbage-first heap   total 51200K, used 38332K [0x00000000c3200000, 0x0000000100000000)
  region size 1024K, 22 young (22528K), 2 survivors (2048K)
 Metaspace       used 40993K, committed 41472K, reserved 1114112K
  class space    used 5399K, committed 5632K, reserved 1048576K
}
Event: 19.624 GC heap after
{Heap after GC invocations=14 (full 0):
 garbage-first heap   total 51200K, used 20693K [0x00000000c3200000, 0x0000000100000000)
  region size 1024K, 3 young (3072K), 3 survivors (3072K)
 Metaspace       used 40993K, committed 41472K, reserved 1114112K
  class space    used 5399K, committed 5632K, reserved 1048576K
}
Event: 19.665 GC heap before
{Heap before GC invocations=14 (full 0):
 garbage-first heap   total 51200K, used 20693K [0x00000000c3200000, 0x0000000100000000)
  region size 1024K, 4 young (4096K), 3 survivors (3072K)
 Metaspace       used 41061K, committed 41536K, reserved 1114112K
  class space    used 5412K, committed 5632K, reserved 1048576K
}
Event: 19.672 GC heap after
{Heap after GC invocations=15 (full 0):
 garbage-first heap   total 51200K, used 21188K [0x00000000c3200000, 0x0000000100000000)
  region size 1024K, 1 young (1024K), 1 survivors (1024K)
 Metaspace       used 41061K, committed 41536K, reserved 1114112K
  class space    used 5412K, committed 5632K, reserved 1048576K
}
Event: 20.835 GC heap before
{Heap before GC invocations=15 (full 0):
 garbage-first heap   total 51200K, used 39620K [0x00000000c3200000, 0x0000000100000000)
  region size 1024K, 19 young (19456K), 1 survivors (1024K)
 Metaspace       used 46744K, committed 47168K, reserved 1114112K
  class space    used 6250K, committed 6464K, reserved 1048576K
}
Event: 20.839 GC heap after
{Heap after GC invocations=16 (full 0):
 garbage-first heap   total 51200K, used 21464K [0x00000000c3200000, 0x0000000100000000)
  region size 1024K, 1 young (1024K), 1 survivors (1024K)
 Metaspace       used 46744K, committed 47168K, reserved 1114112K
  class space    used 6250K, committed 6464K, reserved 1048576K
}
Event: 22.440 GC heap before
{Heap before GC invocations=17 (full 0):
 garbage-first heap   total 51200K, used 39896K [0x00000000c3200000, 0x0000000100000000)
  region size 1024K, 19 young (19456K), 1 survivors (1024K)
 Metaspace       used 51136K, committed 51648K, reserved 1114112K
  class space    used 7014K, committed 7232K, reserved 1048576K
}
Event: 22.445 GC heap after
{Heap after GC invocations=18 (full 0):
 garbage-first heap   total 51200K, used 22203K [0x00000000c3200000, 0x0000000100000000)
  region size 1024K, 2 young (2048K), 2 survivors (2048K)
 Metaspace       used 51136K, committed 51648K, reserved 1114112K
  class space    used 7014K, committed 7232K, reserved 1048576K
}
Event: 23.384 GC heap before
{Heap before GC invocations=18 (full 0):
 garbage-first heap   total 51200K, used 39611K [0x00000000c3200000, 0x0000000100000000)
  region size 1024K, 20 young (20480K), 2 survivors (2048K)
 Metaspace       used 53684K, committed 54208K, reserved 1114112K
  class space    used 7318K, committed 7552K, reserved 1048576K
}
Event: 23.392 GC heap after
{Heap after GC invocations=19 (full 0):
 garbage-first heap   total 51200K, used 23668K [0x00000000c3200000, 0x0000000100000000)
  region size 1024K, 3 young (3072K), 3 survivors (3072K)
 Metaspace       used 53684K, committed 54208K, reserved 1114112K
  class space    used 7318K, committed 7552K, reserved 1048576K
}
Event: 24.726 GC heap before
{Heap before GC invocations=19 (full 0):
 garbage-first heap   total 51200K, used 41076K [0x00000000c3200000, 0x0000000100000000)
  region size 1024K, 20 young (20480K), 3 survivors (3072K)
 Metaspace       used 57460K, committed 57920K, reserved 1114112K
  class space    used 7707K, committed 7936K, reserved 1048576K
}
Event: 24.735 GC heap after
{Heap after GC invocations=20 (full 0):
 garbage-first heap   total 51200K, used 25235K [0x00000000c3200000, 0x0000000100000000)
  region size 1024K, 3 young (3072K), 3 survivors (3072K)
 Metaspace       used 57460K, committed 57920K, reserved 1114112K
  class space    used 7707K, committed 7936K, reserved 1048576K
}
Event: 25.474 GC heap before
{Heap before GC invocations=20 (full 0):
 garbage-first heap   total 51200K, used 41619K [0x00000000c3200000, 0x0000000100000000)
  region size 1024K, 19 young (19456K), 3 survivors (3072K)
 Metaspace       used 59228K, committed 59712K, reserved 1114112K
  class space    used 7973K, committed 8192K, reserved 1048576K
}
Event: 25.485 GC heap after
{Heap after GC invocations=21 (full 0):
 garbage-first heap   total 51200K, used 26693K [0x00000000c3200000, 0x0000000100000000)
  region size 1024K, 3 young (3072K), 3 survivors (3072K)
 Metaspace       used 59228K, committed 59712K, reserved 1114112K
  class space    used 7973K, committed 8192K, reserved 1048576K
}
Event: 246.452 GC heap before
{Heap before GC invocations=21 (full 0):
 garbage-first heap   total 51200K, used 41029K [0x00000000c3200000, 0x0000000100000000)
  region size 1024K, 17 young (17408K), 3 survivors (3072K)
 Metaspace       used 60493K, committed 61056K, reserved 1114112K
  class space    used 8133K, committed 8384K, reserved 1048576K
}
Event: 246.676 GC heap after
{Heap after GC invocations=22 (full 0):
 garbage-first heap   total 51200K, used 27568K [0x00000000c3200000, 0x0000000100000000)
  region size 1024K, 1 young (1024K), 1 survivors (1024K)
 Metaspace       used 60493K, committed 61056K, reserved 1114112K
  class space    used 8133K, committed 8384K, reserved 1048576K
}

Deoptimization events (20 events):
Event: 24.889 Thread 0x00000263d81261c0 DEOPT PACKING pc=0x0000026387b6ce80 sp=0x000000e09f7f9c00
Event: 24.889 Thread 0x00000263d81261c0 DEOPT UNPACKING pc=0x000002638758239d sp=0x000000e09f7f9b68 mode 2
Event: 25.242 Thread 0x00000263d81261c0 Uncommon trap: trap_request=0xffffff45 fr.pc=0x0000026387ca6014 relative=0x0000000000000cf4
Event: 25.242 Thread 0x00000263d81261c0 Uncommon trap: reason=unstable_if action=reinterpret pc=0x0000026387ca6014 method=org.springframework.beans.factory.support.DefaultSingletonBeanRegistry.getSingleton(Ljava/lang/String;Z)Ljava/lang/Object; @ 39 c2
Event: 25.242 Thread 0x00000263d81261c0 DEOPT PACKING pc=0x0000026387ca6014 sp=0x000000e09f7fd750
Event: 25.242 Thread 0x00000263d81261c0 DEOPT UNPACKING pc=0x000002638758239d sp=0x000000e09f7fd6e8 mode 2
Event: 25.834 Thread 0x00000263d81261c0 Uncommon trap: trap_request=0xffffff45 fr.pc=0x0000026387b3ffe0 relative=0x0000000000000060
Event: 25.834 Thread 0x00000263d81261c0 Uncommon trap: reason=unstable_if action=reinterpret pc=0x0000026387b3ffe0 method=org.springframework.util.ConcurrentReferenceHashMap$Segment.clear()V @ 7 c2
Event: 25.835 Thread 0x00000263d81261c0 DEOPT PACKING pc=0x0000026387b3ffe0 sp=0x000000e09f7fe4e0
Event: 25.835 Thread 0x00000263d81261c0 DEOPT UNPACKING pc=0x000002638758239d sp=0x000000e09f7fe470 mode 2
Event: 25.838 Thread 0x00000263d81261c0 Uncommon trap: trap_request=0xffffff54 fr.pc=0x0000026387b5d37c relative=0x000000000000033c
Event: 25.838 Thread 0x00000263d81261c0 Uncommon trap: reason=speculate_null_assert action=make_not_entrant pc=0x0000026387b5d37c method=org.springframework.util.ConcurrentReferenceHashMap$Segment.restructureIfNecessary(Z)V @ 41 c2
Event: 25.838 Thread 0x00000263d81261c0 DEOPT PACKING pc=0x0000026387b5d37c sp=0x000000e09f7fe1e0
Event: 25.838 Thread 0x00000263d81261c0 DEOPT UNPACKING pc=0x000002638758239d sp=0x000000e09f7fe1a8 mode 2
Event: 25.906 Thread 0x00000263d81261c0 Uncommon trap: trap_request=0xffffff45 fr.pc=0x0000026387bf74a8 relative=0x0000000000000a68
Event: 25.906 Thread 0x00000263d81261c0 Uncommon trap: reason=unstable_if action=reinterpret pc=0x0000026387bf74a8 method=java.lang.Integer.stringSize(I)I @ 19 c2
Event: 25.906 Thread 0x00000263d81261c0 DEOPT PACKING pc=0x0000026387bf74a8 sp=0x000000e09f7fd770
Event: 25.906 Thread 0x00000263d81261c0 DEOPT UNPACKING pc=0x000002638758239d sp=0x000000e09f7fd6b8 mode 2
Event: 25.970 Thread 0x00000263d81261c0 DEOPT PACKING pc=0x0000026380a6a846 sp=0x000000e09f7fdfc0
Event: 25.970 Thread 0x00000263d81261c0 DEOPT UNPACKING pc=0x0000026387582b24 sp=0x000000e09f7fd488 mode 0

Classes unloaded (0 events):
No events

Classes redefined (0 events):
No events

Internal exceptions (20 events):
Event: 23.224 Thread 0x00000263d81261c0 Exception <a 'java/lang/IncompatibleClassChangeError'{0x00000000c57ec890}: Found class java.lang.Object, but interface was expected> (0x00000000c57ec890) 
thrown [s\open\src\hotspot\share\interpreter\linkResolver.cpp, line 826]
Event: 23.748 Thread 0x00000263d81261c0 Exception <a 'java/lang/reflect/InvocationTargetException'{0x00000000c5e94920}> (0x00000000c5e94920) 
thrown [s\open\src\hotspot\share\runtime\reflection.cpp, line 1121]
Event: 23.788 Thread 0x00000263d81261c0 Exception <a 'java/lang/NoSuchMethodError'{0x00000000c5d0b338}: 'java.lang.Object java.lang.invoke.DirectMethodHandle$Holder.invokeInterface(java.lang.Object, java.lang.Object, int)'> (0x00000000c5d0b338) 
thrown [s\open\src\hotspot\share\interpreter\linkResolver.cpp, line 759]
Event: 23.795 Thread 0x00000263d81261c0 Implicit null exception at 0x0000026387d1036c to 0x0000026387d10414
Event: 23.800 Thread 0x00000263d81261c0 Exception <a 'java/lang/reflect/InvocationTargetException'{0x00000000c5d3f418}> (0x00000000c5d3f418) 
thrown [s\open\src\hotspot\share\runtime\reflection.cpp, line 1121]
Event: 23.822 Thread 0x00000263d81261c0 Exception <a 'java/lang/NoSuchMethodError'{0x00000000c5d94f90}: 'int java.lang.invoke.DirectMethodHandle$Holder.invokeStatic(java.lang.Object, java.lang.Object, int)'> (0x00000000c5d94f90) 
thrown [s\open\src\hotspot\share\interpreter\linkResolver.cpp, line 759]
Event: 23.829 Thread 0x00000263d81261c0 Exception <a 'java/lang/IncompatibleClassChangeError'{0x00000000c5db3c00}: Found class java.lang.Object, but interface was expected> (0x00000000c5db3c00) 
thrown [s\open\src\hotspot\share\interpreter\linkResolver.cpp, line 826]
Event: 24.796 Thread 0x00000263d81261c0 Exception <a 'sun/nio/fs/WindowsException'{0x00000000c6e4a488}> (0x00000000c6e4a488) 
thrown [s\open\src\hotspot\share\prims\jni.cpp, line 516]
Event: 24.925 Thread 0x00000263d81261c0 Exception <a 'java/lang/IncompatibleClassChangeError'{0x00000000c5e62a38}: Found class java.lang.Object, but interface was expected> (0x00000000c5e62a38) 
thrown [s\open\src\hotspot\share\interpreter\linkResolver.cpp, line 826]
Event: 25.037 Thread 0x00000263d81261c0 Exception <a 'java/lang/NoSuchMethodError'{0x00000000c5c0ce30}: 'void java.lang.invoke.DirectMethodHandle$Holder.invokeVirtual(java.lang.Object, java.lang.Object, long)'> (0x00000000c5c0ce30) 
thrown [s\open\src\hotspot\share\interpreter\linkResolver.cpp, line 759]
Event: 25.228 Thread 0x00000263d81261c0 Exception <a 'java/lang/NoSuchMethodError'{0x00000000c59b9410}: 'int java.lang.invoke.DirectMethodHandle$Holder.invokeStaticInit(java.lang.Object, java.lang.Object, java.lang.Object, java.lang.Object)'> (0x00000000c59b9410) 
thrown [s\open\src\hotspot\share\interpreter\linkResolver.cpp, line 759]
Event: 25.276 Thread 0x00000263d81261c0 Exception <a 'java/lang/IncompatibleClassChangeError'{0x00000000c5880010}: Found class java.lang.Object, but interface was expected> (0x00000000c5880010) 
thrown [s\open\src\hotspot\share\interpreter\linkResolver.cpp, line 826]
Event: 25.364 Thread 0x00000263d81261c0 Exception <a 'sun/nio/fs/WindowsException'{0x00000000c5507870}> (0x00000000c5507870) 
thrown [s\open\src\hotspot\share\prims\jni.cpp, line 516]
Event: 25.520 Thread 0x00000263d81261c0 Exception <a 'java/lang/IncompatibleClassChangeError'{0x00000000c6f8afb8}: Found class java.lang.Object, but interface was expected> (0x00000000c6f8afb8) 
thrown [s\open\src\hotspot\share\interpreter\linkResolver.cpp, line 826]
Event: 25.841 Thread 0x00000263d81261c0 Exception <a 'java/lang/NoSuchMethodError'{0x00000000c5ea4468}: 'java.lang.Object java.lang.invoke.DirectMethodHandle$Holder.newInvokeSpecial(java.lang.Object, java.lang.Object, int, java.lang.Object, java.lang.Object)'> (0x00000000c5ea4468) 
thrown [s\open\src\hotspot\share\interpreter\linkResolver.cpp, line 759]
Event: 25.844 Thread 0x00000263d81261c0 Exception <a 'java/lang/NoSuchMethodError'{0x00000000c5eafae0}: 'java.lang.Object java.lang.invoke.DirectMethodHandle$Holder.invokeSpecial(java.lang.Object, java.lang.Object, int, java.lang.Object, int, java.lang.Object)'> (0x00000000c5eafae0) 
thrown [s\open\src\hotspot\share\interpreter\linkResolver.cpp, line 759]
Event: 25.844 Thread 0x00000263d81261c0 Exception <a 'java/lang/NoSuchMethodError'{0x00000000c5eb7b90}: 'java.lang.Object java.lang.invoke.DirectMethodHandle$Holder.newInvokeSpecial(java.lang.Object, java.lang.Object, int, java.lang.Object, int)'> (0x00000000c5eb7b90) 
thrown [s\open\src\hotspot\share\interpreter\linkResolver.cpp, line 759]
Event: 25.845 Thread 0x00000263d81261c0 Exception <a 'java/lang/NoSuchMethodError'{0x00000000c5ebbc90}: 'java.lang.Object java.lang.invoke.DirectMethodHandle$Holder.invokeSpecial(java.lang.Object, java.lang.Object, java.lang.Object, int, java.lang.Object, int)'> (0x00000000c5ebbc90) 
thrown [s\open\src\hotspot\share\interpreter\linkResolver.cpp, line 759]
Event: 262.404 Thread 0x00000263d940f800 Exception <a 'java/lang/NoSuchMethodError'{0x00000000c6d38168}: 'java.lang.Object java.lang.invoke.DirectMethodHandle$Holder.invokeSpecial(java.lang.Object, java.lang.Object, java.lang.Object, java.lang.Object, java.lang.Object, long)'> (0x00000000c6d38168) 
thrown [s\open\src\hotspot\share\interpreter\linkResolver.cpp, line 759]
Event: 262.408 Thread 0x00000263d940f800 Exception <a 'java/lang/NoSuchMethodError'{0x00000000c6d3bba8}: 'java.lang.Object java.lang.invoke.Invokers$Holder.linkToTargetMethod(java.lang.Object, java.lang.Object, java.lang.Object, long, java.lang.Object)'> (0x00000000c6d3bba8) 
thrown [s\open\src\hotspot\share\interpreter\linkResolver.cpp, line 759]

VM Operations (20 events):
Event: 246.444 Executing VM operation: G1CollectForAllocation
Event: 246.678 Executing VM operation: G1CollectForAllocation done
Event: 246.844 Executing VM operation: G1Concurrent
Event: 247.180 Executing VM operation: G1Concurrent done
Event: 247.220 Executing VM operation: G1Concurrent
Event: 247.221 Executing VM operation: G1Concurrent done
Event: 262.328 Executing VM operation: Cleanup
Event: 262.328 Executing VM operation: Cleanup done
Event: 262.626 Executing VM operation: HandshakeAllThreads
Event: 262.630 Executing VM operation: HandshakeAllThreads done
Event: 262.635 Executing VM operation: HandshakeAllThreads
Event: 262.637 Executing VM operation: HandshakeAllThreads done
Event: 262.981 Executing VM operation: HandshakeAllThreads
Event: 262.981 Executing VM operation: HandshakeAllThreads done
Event: 263.056 Executing VM operation: HandshakeAllThreads
Event: 263.060 Executing VM operation: HandshakeAllThreads done
Event: 263.582 Executing VM operation: HandshakeAllThreads
Event: 263.583 Executing VM operation: HandshakeAllThreads done
Event: 263.583 Executing VM operation: Cleanup
Event: 263.583 Executing VM operation: Cleanup done

Events (20 events):
Event: 263.084 Thread 0x00000263922d7ec0 flushing nmethod 0x0000026380a01290
Event: 263.084 Thread 0x00000263922d7ec0 flushing nmethod 0x0000026380a01f10
Event: 263.084 Thread 0x00000263922d7ec0 flushing nmethod 0x0000026380a02290
Event: 263.084 Thread 0x00000263922d7ec0 flushing nmethod 0x0000026380a03c90
Event: 263.084 Thread 0x00000263922d7ec0 flushing nmethod 0x0000026380a04090
Event: 263.084 Thread 0x00000263922d7ec0 flushing nmethod 0x0000026380a04490
Event: 263.085 Thread 0x00000263922d7ec0 flushing nmethod 0x0000026380a66d10
Event: 263.085 Thread 0x00000263922d7ec0 flushing nmethod 0x0000026380a67190
Event: 263.085 Thread 0x00000263922d7ec0 flushing nmethod 0x0000026380a67b10
Event: 263.085 Thread 0x00000263922d7ec0 flushing nmethod 0x0000026380a68490
Event: 263.085 Thread 0x00000263922d7ec0 flushing nmethod 0x0000026380a6a390
Event: 263.085 Thread 0x00000263922d7ec0 flushing nmethod 0x0000026380a70610
Event: 263.085 Thread 0x00000263922d7ec0 flushing nmethod 0x0000026380a70e10
Event: 263.085 Thread 0x00000263922d7ec0 flushing nmethod 0x0000026380a71610
Event: 263.085 Thread 0x00000263922d7ec0 flushing nmethod 0x0000026380a71b90
Event: 263.085 Thread 0x00000263922d7ec0 flushing nmethod 0x0000026380a7a910
Event: 263.363 loading class java/time/format/DateTimeFormatterBuilder$ZoneTextPrinterParser
Event: 263.370 loading class java/time/format/DateTimeFormatterBuilder$ZoneTextPrinterParser done
Event: 263.370 loading class java/time/format/DateTimeFormatterBuilder$ReducedPrinterParser
Event: 263.373 loading class java/time/format/DateTimeFormatterBuilder$ReducedPrinterParser done


Dynamic libraries:
0x00007ff7c1280000 - 0x00007ff7c1290000 	C:\Program Files\Java\jdk-17\bin\java.exe
0x00007ffed44d0000 - 0x00007ffed46c8000 	C:\Windows\SYSTEM32\ntdll.dll
0x00007ffea9120000 - 0x00007ffea913a000 	C:\Program Files\AVG\Antivirus\aswhook.dll
0x00007ffed2de0000 - 0x00007ffed2ea2000 	C:\Windows\System32\KERNEL32.DLL
0x00007ffed1ee0000 - 0x00007ffed21df000 	C:\Windows\System32\KERNELBASE.dll
0x00007ffed2290000 - 0x00007ffed2390000 	C:\Windows\System32\ucrtbase.dll
0x00007ffeca8d0000 - 0x00007ffeca8eb000 	C:\Program Files\Java\jdk-17\bin\VCRUNTIME140.dll
0x00007ffeca890000 - 0x00007ffeca8a9000 	C:\Program Files\Java\jdk-17\bin\jli.dll
0x00007ffed2a80000 - 0x00007ffed2b2f000 	C:\Windows\System32\ADVAPI32.dll
0x00007ffed3d10000 - 0x00007ffed3dae000 	C:\Windows\System32\msvcrt.dll
0x00007ffed24f0000 - 0x00007ffed258f000 	C:\Windows\System32\sechost.dll
0x00007ffed33c0000 - 0x00007ffed34e3000 	C:\Windows\System32\RPCRT4.dll
0x00007ffed1e40000 - 0x00007ffed1e67000 	C:\Windows\System32\bcrypt.dll
0x00007ffed2890000 - 0x00007ffed2a2d000 	C:\Windows\System32\USER32.dll
0x00007ffeb2930000 - 0x00007ffeb2bca000 	C:\Windows\WinSxS\amd64_microsoft.windows.common-controls_6595b64144ccf1df_6.0.19041.4355_none_60b8b9eb71f62e16\COMCTL32.dll
0x00007ffed1d30000 - 0x00007ffed1d52000 	C:\Windows\System32\win32u.dll
0x00007ffed2db0000 - 0x00007ffed2ddb000 	C:\Windows\System32\GDI32.dll
0x00007ffed1b70000 - 0x00007ffed1c8a000 	C:\Windows\System32\gdi32full.dll
0x00007ffec3f50000 - 0x00007ffec3f5a000 	C:\Windows\SYSTEM32\VERSION.dll
0x00007ffed1c90000 - 0x00007ffed1d2d000 	C:\Windows\System32\msvcp_win.dll
0x00007ffed2a50000 - 0x00007ffed2a7f000 	C:\Windows\System32\IMM32.DLL
0x00007ffecc710000 - 0x00007ffecc71c000 	C:\Program Files\Java\jdk-17\bin\vcruntime140_1.dll
0x00007ffea60b0000 - 0x00007ffea613e000 	C:\Program Files\Java\jdk-17\bin\msvcp140.dll
0x00007ffe6b8c0000 - 0x00007ffe6c4a1000 	C:\Program Files\Java\jdk-17\bin\server\jvm.dll
0x00007ffed2a30000 - 0x00007ffed2a38000 	C:\Windows\System32\PSAPI.DLL
0x00007ffec49a0000 - 0x00007ffec49a9000 	C:\Windows\SYSTEM32\WSOCK32.dll
0x00007ffecef20000 - 0x00007ffecef47000 	C:\Windows\SYSTEM32\WINMM.dll
0x00007ffed2d40000 - 0x00007ffed2dab000 	C:\Windows\System32\WS2_32.dll
0x00007ffecf9b0000 - 0x00007ffecf9c2000 	C:\Windows\SYSTEM32\kernel.appcore.dll
0x00007ffecc5e0000 - 0x00007ffecc5ea000 	C:\Program Files\Java\jdk-17\bin\jimage.dll
0x00007ffec7800000 - 0x00007ffec79e4000 	C:\Windows\SYSTEM32\DBGHELP.DLL
0x00007ffec70a0000 - 0x00007ffec70d4000 	C:\Windows\SYSTEM32\dbgcore.DLL
0x00007ffed1db0000 - 0x00007ffed1e32000 	C:\Windows\System32\bcryptPrimitives.dll
0x00007ffecbe70000 - 0x00007ffecbe7e000 	C:\Program Files\Java\jdk-17\bin\instrument.dll
0x00007ffeae070000 - 0x00007ffeae095000 	C:\Program Files\Java\jdk-17\bin\java.dll
0x00007ffea1fd0000 - 0x00007ffea20a7000 	C:\Program Files\Java\jdk-17\bin\jsvml.dll
0x00007ffed34f0000 - 0x00007ffed3c5d000 	C:\Windows\System32\SHELL32.dll
0x00007ffecfbb0000 - 0x00007ffed0354000 	C:\Windows\SYSTEM32\windows.storage.dll
0x00007ffed3060000 - 0x00007ffed33b5000 	C:\Windows\System32\combase.dll
0x00007ffed14c0000 - 0x00007ffed14eb000 	C:\Windows\SYSTEM32\Wldp.dll
0x00007ffed43c0000 - 0x00007ffed448d000 	C:\Windows\System32\OLEAUT32.dll
0x00007ffed3c60000 - 0x00007ffed3d0d000 	C:\Windows\System32\SHCORE.dll
0x00007ffed2b30000 - 0x00007ffed2b85000 	C:\Windows\System32\shlwapi.dll
0x00007ffed1aa0000 - 0x00007ffed1ac5000 	C:\Windows\SYSTEM32\profapi.dll
0x00007ffec9c80000 - 0x00007ffec9c98000 	C:\Program Files\Java\jdk-17\bin\zip.dll
0x00007ffeca870000 - 0x00007ffeca889000 	C:\Program Files\Java\jdk-17\bin\net.dll
0x00007ffeca4b0000 - 0x00007ffeca5ba000 	C:\Windows\SYSTEM32\WINHTTP.dll
0x00007ffed12a0000 - 0x00007ffed130c000 	C:\Windows\system32\mswsock.dll
0x00007ffeca850000 - 0x00007ffeca866000 	C:\Program Files\Java\jdk-17\bin\nio.dll
0x00007ffebebc0000 - 0x00007ffebebda000 	C:\Program Files\JetBrains\IntelliJ IDEA Community Edition 2023.3.2\bin\breakgen64.dll
0x00007ffeca420000 - 0x00007ffeca42a000 	C:\Program Files\Java\jdk-17\bin\management.dll
0x00007ffec9a60000 - 0x00007ffec9a6b000 	C:\Program Files\Java\jdk-17\bin\management_ext.dll
0x00007ffec7a10000 - 0x00007ffec7a1e000 	C:\Program Files\Java\jdk-17\bin\sunmscapi.dll
0x00007ffed2390000 - 0x00007ffed24ec000 	C:\Windows\System32\CRYPT32.dll
0x00007ffed1530000 - 0x00007ffed1557000 	C:\Windows\SYSTEM32\ncrypt.dll
0x00007ffed14f0000 - 0x00007ffed152b000 	C:\Windows\SYSTEM32\NTASN1.dll
0x00007ffed1810000 - 0x00007ffed1828000 	C:\Windows\SYSTEM32\CRYPTSP.dll
0x00007ffed0b70000 - 0x00007ffed0ba8000 	C:\Windows\system32\rsaenh.dll
0x00007ffed1a20000 - 0x00007ffed1a4e000 	C:\Windows\SYSTEM32\USERENV.dll
0x00007ffed1430000 - 0x00007ffed143c000 	C:\Windows\SYSTEM32\CRYPTBASE.dll
0x00007ffed0f50000 - 0x00007ffed0f8b000 	C:\Windows\SYSTEM32\IPHLPAPI.DLL
0x00007ffed2a40000 - 0x00007ffed2a48000 	C:\Windows\System32\NSI.dll
0x00007ffecb500000 - 0x00007ffecb517000 	C:\Windows\SYSTEM32\dhcpcsvc6.DLL
0x00007ffecb340000 - 0x00007ffecb35d000 	C:\Windows\SYSTEM32\dhcpcsvc.DLL
0x00007ffed0f90000 - 0x00007ffed105a000 	C:\Windows\SYSTEM32\DNSAPI.dll
0x00007ffebeb90000 - 0x00007ffebeba0000 	C:\Program Files\Java\jdk-17\bin\verify.dll
0x00007ffec7ba0000 - 0x00007ffec7baa000 	C:\Windows\System32\rasadhlp.dll
0x00007ffeca150000 - 0x00007ffeca1d0000 	C:\Windows\System32\fwpuclnt.dll
0x00007ffec9e10000 - 0x00007ffec9e17000 	C:\Windows\system32\wshunix.dll

dbghelp: loaded successfully - version: 4.0.5 - missing functions: none
symbol engine: initialized successfully - sym options: 0x614 - pdb path: .;C:\Program Files\Java\jdk-17\bin;C:\Windows\SYSTEM32;C:\Program Files\AVG\Antivirus;C:\Windows\WinSxS\amd64_microsoft.windows.common-controls_6595b64144ccf1df_6.0.19041.4355_none_60b8b9eb71f62e16;C:\Program Files\Java\jdk-17\bin\server;C:\Program Files\JetBrains\IntelliJ IDEA Community Edition 2023.3.2\bin

VM Arguments:
jvm_args: -javaagent:C:\Program Files\JetBrains\IntelliJ IDEA Community Edition 2023.3.2\lib\idea_rt.jar=51481:C:\Program Files\JetBrains\IntelliJ IDEA Community Edition 2023.3.2\bin -Dfile.encoding=UTF-8 
java_command: com.todo.todoApp.TodoApplication
java_class_path (initial): C:\Users\NM\Documents\Nel\Programacion\Proyectos\todoApp\target\classes;C:\Users\NM\.m2\repository\org\springframework\boot\spring-boot-starter-data-jdbc\3.2.3\spring-boot-starter-data-jdbc-3.2.3.jar;C:\Users\NM\.m2\repository\org\springframework\boot\spring-boot-starter-jdbc\3.2.3\spring-boot-starter-jdbc-3.2.3.jar;C:\Users\NM\.m2\repository\com\zaxxer\HikariCP\5.0.1\HikariCP-5.0.1.jar;C:\Users\NM\.m2\repository\org\springframework\spring-jdbc\6.1.4\spring-jdbc-6.1.4.jar;C:\Users\NM\.m2\repository\org\springframework\data\spring-data-jdbc\3.2.3\spring-data-jdbc-3.2.3.jar;C:\Users\NM\.m2\repository\org\springframework\data\spring-data-relational\3.2.3\spring-data-relational-3.2.3.jar;C:\Users\NM\.m2\repository\com\github\jsqlparser\jsqlparser\4.6\jsqlparser-4.6.jar;C:\Users\NM\.m2\repository\org\springframework\data\spring-data-commons\3.2.3\spring-data-commons-3.2.3.jar;C:\Users\NM\.m2\repository\org\springframework\spring-tx\6.1.4\spring-tx-6.1.4.jar;C:\Users\NM\.m2\repository\org\springframework\spring-context\6.1.4\spring-context-6.1.4.jar;C:\Users\NM\.m2\repository\org\springframework\spring-beans\6.1.4\spring-beans-6.1.4.jar;C:\Users\NM\.m2\repository\org\slf4j\slf4j-api\2.0.12\slf4j-api-2.0.12.jar;C:\Users\NM\.m2\repository\org\springframework\boot\spring-boot-starter-data-jpa\3.2.3\spring-boot-starter-data-jpa-3.2.3.jar;C:\Users\NM\.m2\repository\org\springframework\boot\spring-boot-starter-aop\3.2.3\spring-boot-starter-aop-3.2.3.jar;C:\Users\NM\.m2\repository\org\springframework\spring-aop\6.1.4\spring-aop-6.1.4.jar;C:\Users\NM\.m2\repository\org\aspectj\aspectjweaver\1.9.21\aspectjweaver-1.9.21.jar;C:\Users\NM\.m2\repository\org\hibernate\orm\hibernate-core\6.4.4.Final\hibernate-core-6.4.4.Final.jar;C:\Users\NM\.m2\repository\jakarta\persistence\jakarta.persistence-api\3.1.0\jakarta.persistence-api-3.1.0.jar;C:\Users\NM\.m2\repository\jakarta\transaction\jakarta.transaction-api\2.0.1\jakarta.transaction-api-2.0.1.jar;C:\Users\N
Launcher Type: SUN_STANDARD

[Global flags]
     intx CICompilerCount                          = 3                                         {product} {ergonomic}
     uint ConcGCThreads                            = 1                                         {product} {ergonomic}
     uint G1ConcRefinementThreads                  = 4                                         {product} {ergonomic}
   size_t G1HeapRegionSize                         = 1048576                                   {product} {ergonomic}
    uintx GCDrainStackTargetSize                   = 64                                        {product} {ergonomic}
   size_t InitialHeapSize                          = 65011712                                  {product} {ergonomic}
   size_t MarkStackSize                            = 4194304                                   {product} {ergonomic}
   size_t MaxHeapSize                              = 1021313024                                {product} {ergonomic}
   size_t MaxNewSize                               = 612368384                                 {product} {ergonomic}
   size_t MinHeapDeltaBytes                        = 1048576                                   {product} {ergonomic}
   size_t MinHeapSize                              = 8388608                                   {product} {ergonomic}
    uintx NonNMethodCodeHeapSize                   = 5832780                                {pd product} {ergonomic}
    uintx NonProfiledCodeHeapSize                  = 122912730                              {pd product} {ergonomic}
    uintx ProfiledCodeHeapSize                     = 122912730                              {pd product} {ergonomic}
    uintx ReservedCodeCacheSize                    = 251658240                              {pd product} {ergonomic}
     bool SegmentedCodeCache                       = true                                      {product} {ergonomic}
   size_t SoftMaxHeapSize                          = 1021313024                             {manageable} {ergonomic}
     bool UseCompressedClassPointers               = true                           {product lp64_product} {ergonomic}
     bool UseCompressedOops                        = true                           {product lp64_product} {ergonomic}
     bool UseG1GC                                  = true                                      {product} {ergonomic}
     bool UseLargePagesIndividualAllocation        = false                                  {pd product} {ergonomic}

Logging:
Log output configuration:
 #0: stdout all=warning uptime,level,tags
 #1: stderr all=off uptime,level,tags

Environment Variables:
JAVA_HOME=C:\Program Files\Java\jdk-17
PATH=C:\Program Files\Common Files\Oracle\Java\javapath;C:\Windows\system32;C:\Windows;C:\Windows\System32\Wbem;C:\Windows\System32\WindowsPowerShell\v1.0\;C:\Windows\System32\OpenSSH\;C:\Program Files\Maven\apache-maven-3.8.1\bin\;C:\opt\apache-maven-3.8.4\bin;C:\Program Files\MongoDB\Server\6.0\bin;C:\Program Files\Java\jdk-17\bin;%NVM_HOME%;%NVM_SYMLINK%;C:\Program Files\Docker\Docker\resources\bin;C:\Program Files\nodejs\;C:\Program Files\Git\cmd;C:\Users\NM\AppData\Local\Microsoft\WindowsApps;C:\Users\NM\AppData\Local\Programs\Microsoft VS Code\bin;C:\Program Files\JetBrains\IntelliJ IDEA Community Edition 2023.3.2\bin;;C:\Users\NM\AppData\Roaming\nvm;C:\Program Files\nodejs;C:\Users\NM\AppData\Roaming\npm
USERNAME=NM
OS=Windows_NT
PROCESSOR_IDENTIFIER=Intel64 Family 6 Model 37 Stepping 5, GenuineIntel



---------------  S Y S T E M  ---------------

OS:
 Windows 10 , 64 bit Build 19041 (10.0.19041.5438)
OS uptime: 17 days 15:51 hours
Hyper-V role detected

CPU: total 4 (initial active 4) (2 cores per cpu, 2 threads per core) family 6 model 37 stepping 5 microcode 0x7, cx8, cmov, fxsr, ht, mmx, sse, sse2, sse3, ssse3, sse4.1, sse4.2, popcnt, tsc, tscinvbit, clflush, hv

Memory: 4k page, system-wide physical 3892M (179M free)
TotalPageFile size 15668M (AvailPageFile size 2M)
current process WorkingSet (physical memory assigned to process): 138M, peak: 221M
current process commit charge ("private bytes"): 243M, peak: 258M

vm_info: Java HotSpot(TM) 64-Bit Server VM (17.0.9+11-LTS-201) for windows-amd64 JRE (17.0.9+11-LTS-201), built on Oct 10 2023 23:16:06 by "mach5one" with MS VC++ 17.1 (VS2022)

END.
